<?xml version="1.0" encoding="UTF-8"?>
<testsuite name="ru.stqa.pft.addressbook.Tests.GroupDeletionTests" tests="1" skipped="0" failures="0" errors="0" timestamp="2018-11-27T07:47:19" hostname="msmuli-mac.local" time="1.211">
  <properties/>
  <testcase name="testGroupDeletionTests" classname="ru.stqa.pft.addressbook.Tests.GroupDeletionTests" time="1.211"/>
  <system-out><![CDATA[]]></system-out>
  <system-err><![CDATA[]]></system-err>
</testsuite>
