<?xml version="1.0" encoding="UTF-8"?>
<testsuite name="ru.stqa.pft.addressbook.Tests.GroupCreationTests" tests="4" skipped="0" failures="0" errors="0" timestamp="2018-11-27T07:47:10" hostname="msmuli-mac.local" time="8.543">
  <properties/>
  <testcase name="testBadGroupCreation" classname="ru.stqa.pft.addressbook.Tests.GroupCreationTests" time="2.67"/>
  <testcase name="testGroupCreation[0](GroupData{id='2147483647', name='test 0'})" classname="ru.stqa.pft.addressbook.Tests.GroupCreationTests" time="1.856"/>
  <testcase name="testGroupCreation[1](GroupData{id='2147483647', name='test 1'})" classname="ru.stqa.pft.addressbook.Tests.GroupCreationTests" time="1.927"/>
  <testcase name="testGroupCreation[2](GroupData{id='2147483647', name='test 2'})" classname="ru.stqa.pft.addressbook.Tests.GroupCreationTests" time="2.058"/>
  <system-out><![CDATA[]]></system-out>
  <system-err><![CDATA[]]></system-err>
</testsuite>
